<?xml version="1.0" encoding="UTF-8"?>
<testsuite xmlns:xsi="http://www.w3.org/2001/XMLSchema-instance" xsi:noNamespaceSchemaLocation="https://maven.apache.org/surefire/maven-surefire-plugin/xsd/surefire-test-report-3.0.xsd" version="3.0" name="com.seanfos.ytdl_rss.YtdlRssApplicationTests" time="0.405" tests="1" errors="0" skipped="0" failures="0">
  <properties>
[...]
</properties>
  <testcase name="contextLoads" classname="com.seanfos.ytdl_rss.YtdlRssApplicationTests" time="0.004">
    <system-out><![CDATA[2024-11-06T12:10:24.293Z  INFO 7276 --- [ytdl-rss] [           main] t.c.s.AnnotationConfigContextLoaderUtils : Could not detect default configuration classes for test class [com.seanfos.ytdl_rss.YtdlRssApplicationTests]: YtdlRssApplicationTests does not declare any static, non-private, non-final, nested classes annotated with @Configuration.
2024-11-06T12:10:24.296Z  INFO 7276 --- [ytdl-rss] [           main] .b.t.c.SpringBootTestContextBootstrapper : Found @SpringBootConfiguration com.seanfos.ytdl_rss.YtdlRssApplication for test class com.seanfos.ytdl_rss.YtdlRssApplicationTests
2024-11-06T12:10:24.300Z  INFO 7276 --- [ytdl-rss] [           main] o.s.b.d.r.RestartApplicationListener     : Restart disabled due to context in which it is running

  .   ____          _            __ _ _
 /\\ / ___'_ __ _ _(_)_ __  __ _ \ \ \ \
( ( )\___ | '_ | '_| | '_ \/ _` | \ \ \ \
 \\/  ___)| |_)| | | | | || (_| |  ) ) ) )
  '  |____| .__|_| |_|_| |_\__, | / / / /
 =========|_|==============|___/=/_/_/_/

 :: Spring Boot ::                (v3.3.5)

2024-11-06T12:10:24.324Z  WARN 7276 --- [ytdl-rss] [           main] ory$DuplicateJsonObjectContextCustomizer : 

Found multiple occurrences of org.json.JSONObject on the class path:

	jar:file:/home/seanfos/.m2/repository/org/json/json/20240303/json-20240303.jar!/org/json/JSONObject.class
	jar:file:/home/seanfos/.m2/repository/com/vaadin/external/google/android-json/0.0.20131108.vaadin1/android-json-0.0.20131108.vaadin1.jar!/org/json/JSONObject.class

You may wish to exclude one of them to ensure predictable runtime behavior

2024-11-06T12:10:24.325Z  INFO 7276 --- [ytdl-rss] [           main] c.s.ytdl_rss.YtdlRssApplicationTests     : Starting YtdlRssApplicationTests using Java 17.0.12 with PID 7276 (started by seanfos in /home/seanfos/workdir/ytdl-rss)
2024-11-06T12:10:24.325Z  INFO 7276 --- [ytdl-rss] [           main] c.s.ytdl_rss.YtdlRssApplicationTests     : No active profile set, falling back to 1 default profile: "default"
2024-11-06T12:10:24.690Z  INFO 7276 --- [ytdl-rss] [           main] c.s.ytdl_rss.YtdlRssApplicationTests     : Started YtdlRssApplicationTests in 0.389 seconds (process running for 3.073)
]]></system-out>
  </testcase>
</testsuite>